OpenPMX 0.1.2 hash c8d5137
config pthread 35 notserver linux
data records 1102 observations 1006 individuals 24
data table offset true
advan model eigensystem (three compartment)
advan nstate 3
optim FOCEI BOBYQA
checkout begin
nthread (35) limited to number of individuals (24)
tpool: start (24) 0 1 2 3 4 5 6 7 8 9 10 11 12 13 14 15 16 17 18 19 20 21 22
checkout end
stabilize begin
time 0.014 neval 1 objfn -2413.111358
time 0.020 neval 2 objfn -2413.001626
time 0.024 neval 3 objfn -2413.007341
stabilize iter 2
time 0.024 neval 3 objfn -2413.007341
optim rho 0.2 0.05
time 0.029 neval 4 objfn -2413.007422
time 0.035 neval 5 objfn -2430.567333
time 0.052 neval 7 objfn -2700.504286
time 0.264 neval 29 objfn -2813.010612
time 0.271 neval 30 objfn -2827.319400
time 0.278 neval 31 objfn -2827.319400
optim rho 0.05 6.05545e-05
time 0.286 neval 33 objfn -2830.658008
time 0.296 neval 35 objfn -2832.259556
time 0.382 neval 49 objfn -2839.794909
time 0.396 neval 51 objfn -2846.552881
time 0.427 neval 57 objfn -2874.057522
time 0.435 neval 58 objfn -2921.107130
time 0.442 neval 59 objfn -2986.230530
time 0.448 neval 60 objfn -3036.507212
time 0.461 neval 62 objfn -3036.798156
time 0.479 neval 65 objfn -3039.845305
time 0.499 neval 68 objfn -3043.484628
time 0.517 neval 71 objfn -3045.022237
time 0.523 neval 72 objfn -3045.892423
time 0.529 neval 73 objfn -3046.903311
time 0.548 neval 76 objfn -3047.083747
time 0.564 neval 78 objfn -3047.986189
time 0.571 neval 79 objfn -3048.499825
time 0.577 neval 80 objfn -3049.817606
time 0.597 neval 83 objfn -3050.602803
time 0.602 neval 84 objfn -3050.996832
time 0.619 neval 87 objfn -3052.286090
time 0.625 neval 88 objfn -3053.363554
time 0.634 neval 89 objfn -3057.299536
time 0.640 neval 90 objfn -3057.914939
time 0.661 neval 93 objfn -3062.679283
time 0.667 neval 94 objfn -3063.037676
time 0.686 neval 97 objfn -3067.456891
time 0.693 neval 98 objfn -3068.965695
time 0.700 neval 99 objfn -3072.175485
time 0.719 neval 102 objfn -3074.541964
time 0.724 neval 103 objfn -3076.402654
time 0.730 neval 104 objfn -3077.000265
time 0.750 neval 107 objfn -3079.286123
time 0.785 neval 112 objfn -3080.415743
time 0.790 neval 113 objfn -3081.499652
time 0.797 neval 114 objfn -3082.333074
time 0.903 neval 131 objfn -3082.452319
time 0.911 neval 132 objfn -3082.798883
time 0.918 neval 133 objfn -3083.106659
time 0.940 neval 136 objfn -3083.894427
time 0.953 neval 138 objfn -3084.163288
time 0.960 neval 139 objfn -3084.255057
time 0.987 neval 144 objfn -3084.518748
time 0.994 neval 145 objfn -3084.618015
time 1.008 neval 147 objfn -3084.733495
time 1.013 neval 148 objfn -3085.062603
time 1.020 neval 149 objfn -3085.081093
time 1.031 neval 151 objfn -3085.383897
time 1.036 neval 152 objfn -3085.392026
time 1.042 neval 153 objfn -3085.503567
time 1.049 neval 154 objfn -3085.760280
time 1.056 neval 155 objfn -3086.108698
time 1.063 neval 156 objfn -3086.310220
time 1.074 neval 158 objfn -3086.552705
time 1.081 neval 159 objfn -3086.717963
time 1.102 neval 162 objfn -3086.909989
time 1.107 neval 163 objfn -3087.013873
time 1.114 neval 164 objfn -3087.024576
time 1.118 neval 165 objfn -3087.146709
time 1.125 neval 166 objfn -3087.192355
time 1.131 neval 167 objfn -3087.221167
time 1.143 neval 169 objfn -3087.237948
time 1.153 neval 171 objfn -3087.302728
time 1.158 neval 172 objfn -3087.328440
time 1.163 neval 173 objfn -3087.439264
time 1.170 neval 174 objfn -3087.657725
time 1.174 neval 175 objfn -3087.664389
time 1.190 neval 178 objfn -3087.673302
time 1.196 neval 179 objfn -3087.731089
time 1.202 neval 180 objfn -3087.840259
time 1.207 neval 181 objfn -3087.990482
time 1.214 neval 182 objfn -3088.107860
time 1.220 neval 183 objfn -3088.329864
time 1.228 neval 184 objfn -3088.438822
time 1.233 neval 185 objfn -3088.474101
time 1.240 neval 186 objfn -3088.603155
time 1.274 neval 192 objfn -3088.642515
time 1.280 neval 193 objfn -3088.774167
time 1.285 neval 194 objfn -3088.790486
time 1.291 neval 195 objfn -3088.848698
time 1.296 neval 196 objfn -3088.865013
time 1.306 neval 198 objfn -3088.910932
time 1.313 neval 199 objfn -3088.966179
time 1.318 neval 200 objfn -3089.030765
time 1.328 neval 202 objfn -3089.058304
time 1.332 neval 203 objfn -3089.116108
time 1.337 neval 204 objfn -3089.155971
time 1.342 neval 205 objfn -3089.206540
time 1.349 neval 206 objfn -3089.284831
time 1.354 neval 207 objfn -3089.385895
time 1.368 neval 209 objfn -3089.523288
time 1.375 neval 210 objfn -3089.601671
time 1.391 neval 213 objfn -3089.622098
time 1.398 neval 214 objfn -3089.629208
time 1.409 neval 216 objfn -3089.648732
time 1.426 neval 219 objfn -3089.686818
time 1.434 neval 221 objfn -3089.698771
time 1.442 neval 222 objfn -3089.717296
time 1.447 neval 223 objfn -3089.725535
time 1.452 neval 224 objfn -3089.750771
time 1.456 neval 225 objfn -3089.785165
time 1.463 neval 226 objfn -3089.823892
time 1.484 neval 229 objfn -3089.831204
time 1.495 neval 231 objfn -3089.860750
time 1.500 neval 232 objfn -3089.878694
time 1.506 neval 233 objfn -3089.881177
time 1.511 neval 234 objfn -3089.902884
time 1.516 neval 235 objfn -3089.910195
time 1.522 neval 236 objfn -3089.943147
time 1.528 neval 237 objfn -3089.947706
time 1.539 neval 239 objfn -3089.962975
time 1.544 neval 240 objfn -3089.987958
time 1.550 neval 241 objfn -3090.023291
time 1.556 neval 242 objfn -3090.080238
time 1.563 neval 243 objfn -3090.094043
time 1.569 neval 244 objfn -3090.097373
time 1.579 neval 246 objfn -3090.149642
time 1.583 neval 247 objfn -3090.181460
time 1.612 neval 252 objfn -3090.233338
time 1.638 neval 257 objfn -3090.247691
time 1.653 neval 260 objfn -3090.258114
time 1.660 neval 261 objfn -3090.267847
time 1.664 neval 262 objfn -3090.291054
time 1.669 neval 263 objfn -3090.301700
time 1.676 neval 264 objfn -3090.338064
time 1.693 neval 267 objfn -3090.366194
time 1.705 neval 269 objfn -3090.410223
time 1.729 neval 274 objfn -3090.427943
time 1.733 neval 275 objfn -3090.430252
time 1.743 neval 277 objfn -3090.450992
time 1.750 neval 278 objfn -3090.464766
time 1.754 neval 279 objfn -3090.467592
time 1.758 neval 280 objfn -3090.473293
time 1.762 neval 281 objfn -3090.511547
time 1.767 neval 282 objfn -3090.549499
time 1.784 neval 285 objfn -3090.595422
time 1.789 neval 286 objfn -3090.656180
time 1.795 neval 287 objfn -3090.667337
time 1.807 neval 289 objfn -3090.766321
time 1.812 neval 290 objfn -3090.766372
time 1.833 neval 294 objfn -3090.801446
time 1.838 neval 295 objfn -3090.821289
time 1.852 neval 298 objfn -3090.849395
time 1.857 neval 299 objfn -3090.861723
time 1.870 neval 302 objfn -3090.887609
time 1.875 neval 303 objfn -3090.906238
time 1.881 neval 304 objfn -3090.928880
time 1.886 neval 305 objfn -3090.940829
time 1.891 neval 306 objfn -3090.958742
time 1.897 neval 307 objfn -3090.969317
time 1.902 neval 308 objfn -3090.980348
time 1.908 neval 309 objfn -3090.995429
time 1.914 neval 310 objfn -3091.005279
time 1.920 neval 311 objfn -3091.048134
time 1.958 neval 318 objfn -3091.057365
time 1.972 neval 321 objfn -3091.076812
time 1.982 neval 323 objfn -3091.078437
time 1.986 neval 324 objfn -3091.084897
time 2.009 neval 329 objfn -3091.090969
time 2.013 neval 330 objfn -3091.094684
time 2.028 neval 333 objfn -3091.119127
time 2.032 neval 334 objfn -3091.134430
time 2.037 neval 335 objfn -3091.141910
time 2.048 neval 338 objfn -3091.149451
time 2.052 neval 339 objfn -3091.152546
time 2.059 neval 340 objfn -3091.162892
time 2.074 neval 343 objfn -3091.169734
time 2.078 neval 344 objfn -3091.182564
time 2.082 neval 345 objfn -3091.194548
time 2.088 neval 346 objfn -3091.211545
time 2.092 neval 347 objfn -3091.231705
time 2.096 neval 348 objfn -3091.231863
time 2.115 neval 352 objfn -3091.243115
time 2.141 neval 357 objfn -3091.248432
time 2.145 neval 358 objfn -3091.249034
time 2.158 neval 361 objfn -3091.251046
time 2.162 neval 362 objfn -3091.258331
time 2.179 neval 366 objfn -3091.260668
time 2.185 neval 367 objfn -3091.267055
time 2.188 neval 368 objfn -3091.268724
time 2.192 neval 369 objfn -3091.268897
time 2.202 neval 371 objfn -3091.270859
time 2.214 neval 374 objfn -3091.273560
time 2.219 neval 375 objfn -3091.274010
time 2.238 neval 380 objfn -3091.275428
time 2.244 neval 381 objfn -3091.276255
time 2.247 neval 382 objfn -3091.278216
time 2.251 neval 383 objfn -3091.279572
time 2.264 neval 386 objfn -3091.283507
time 2.268 neval 387 objfn -3091.285871
time 2.279 neval 390 objfn -3091.286785
time 2.283 neval 391 objfn -3091.289052
time 2.289 neval 392 objfn -3091.291575
time 2.293 neval 393 objfn -3091.292223
time 2.298 neval 394 objfn -3091.292520
time 2.303 neval 395 objfn -3091.293848
time 2.306 neval 396 objfn -3091.296013
time 2.311 neval 397 objfn -3091.299685
time 2.316 neval 398 objfn -3091.307318
time 2.321 neval 399 objfn -3091.308557
time 2.331 neval 401 objfn -3091.316461
time 2.346 neval 404 objfn -3091.316966
time 2.354 neval 406 objfn -3091.321150
time 2.359 neval 407 objfn -3091.324462
time 2.379 neval 412 objfn -3091.325912
time 2.384 neval 413 objfn -3091.326177
time 2.388 neval 414 objfn -3091.328298
time 2.392 neval 415 objfn -3091.331036
time 2.397 neval 416 objfn -3091.332141
time 2.403 neval 417 objfn -3091.333908
time 2.407 neval 418 objfn -3091.336110
time 2.410 neval 419 objfn -3091.337637
time 2.415 neval 420 objfn -3091.342250
time 2.421 neval 421 objfn -3091.345703
time 2.425 neval 422 objfn -3091.346612
time 2.429 neval 423 objfn -3091.368927
time 2.434 neval 424 objfn -3091.369161
time 2.443 neval 426 objfn -3091.377093
time 2.456 neval 429 objfn -3091.379016
time 2.461 neval 430 objfn -3091.384197
time 2.470 neval 432 objfn -3091.385861
time 2.474 neval 433 objfn -3091.390407
time 2.482 neval 435 objfn -3091.391992
time 2.486 neval 436 objfn -3091.393139
time 2.497 neval 439 objfn -3091.393417
time 2.500 neval 440 objfn -3091.394546
time 2.517 neval 445 objfn -3091.395358
time 2.551 neval 454 objfn -3091.395710
time 2.638 neval 480 objfn -3091.395710
optim rho 0.05 6.05545e-05
time 2.693 neval 490 objfn -3091.416606
time 2.764 neval 503 objfn -3091.435357
time 2.781 neval 506 objfn -3091.498818
time 2.785 neval 507 objfn -3091.542430
time 2.790 neval 508 objfn -3091.550265
time 2.795 neval 509 objfn -3091.551411
time 2.798 neval 510 objfn -3091.551460
time 2.807 neval 512 objfn -3091.551785
time 2.868 neval 525 objfn -3091.552332
time 2.877 neval 527 objfn -3091.553877
time 2.911 neval 534 objfn -3091.554541
time 2.938 neval 540 objfn -3091.556962
time 3.052 neval 570 objfn -3091.556962
optim rho 0.05 6.05545e-05
time 3.192 neval 601 objfn -3091.557066
time 3.205 neval 604 objfn -3091.557559
time 3.237 neval 613 objfn -3091.557747
time 3.324 neval 638 objfn -3091.557747
popmodel final
time 3.324 neval 638 objfn -3091.557747 nparam 12
THETA(7)
      5.40885
      28.0735
       249.77
      1.95634
      1.69387
     0.883094
    -0.015917
OMEGA(6)
    0.0475287 
            0     0.0230223 
            0             0     0.0490465 
            0             0             0     0.0209322 
            0             0             0             0             0 
            0             0             0             0             0             0 
SIGMA(1)
    0.0547261 
